Linux 6.8.0-45-lowlatency (ntb-hp) 	25/09/2024 	_x86_64_	(16 CPU)

10:24:25     CPU    %usr   %nice    %sys %iowait    %irq   %soft  %steal  %guest  %gnice   %idle
10:24:26     all    2,14    0,00    1,45    0,00    0,00    0,00    0,00    0,00    0,00   96,42
10:24:26       0    2,02    0,00    2,02    0,00    0,00    0,00    0,00    0,00    0,00   95,96
10:24:26       1    1,00    0,00    1,00    0,00    0,00    0,00    0,00    0,00    0,00   98,00
10:24:26       2    2,02    0,00    1,01    0,00    0,00    0,00    0,00    0,00    0,00   96,97
10:24:26       3    0,00    0,00    0,00    0,00    0,00    0,00    0,00    0,00    0,00  100,00
10:24:26       4    1,00    0,00    2,00    0,00    0,00    0,00    0,00    0,00    0,00   97,00
10:24:26       5    0,00    0,00    0,00    0,00    0,00    0,00    0,00    0,00    0,00  100,00
10:24:26       6    0,00    0,00    1,02    0,00    0,00    0,00    0,00    0,00    0,00   98,98
10:24:26       7   14,00    0,00    0,00    0,00    0,00    0,00    0,00    0,00    0,00   86,00
10:24:26       8    3,00    0,00    2,00    0,00    0,00    0,00    0,00    0,00    0,00   95,00
10:24:26       9    1,01    0,00    2,02    0,00    0,00    0,00    0,00    0,00    0,00   96,97
10:24:26      10    2,02    0,00    2,02    0,00    0,00    0,00    0,00    0,00    0,00   95,96
10:24:26      11    4,08    0,00    7,14    0,00    0,00    0,00    0,00    0,00    0,00   88,78
10:24:26      12    2,00    0,00    2,00    0,00    0,00    0,00    0,00    0,00    0,00   96,00
10:24:26      13    1,00    0,00    1,00    0,00    0,00    0,00    0,00    0,00    0,00   98,00
10:24:26      14    0,00    0,00    0,00    0,00    0,00    0,00    0,00    0,00    0,00  100,00
10:24:26      15    1,00    0,00    0,00    0,00    0,00    0,00    0,00    0,00    0,00   99,00

Average:     CPU    %usr   %nice    %sys %iowait    %irq   %soft  %steal  %guest  %gnice   %idle
Average:     all    2,14    0,00    1,45    0,00    0,00    0,00    0,00    0,00    0,00   96,42
Average:       0    2,02    0,00    2,02    0,00    0,00    0,00    0,00    0,00    0,00   95,96
Average:       1    1,00    0,00    1,00    0,00    0,00    0,00    0,00    0,00    0,00   98,00
Average:       2    2,02    0,00    1,01    0,00    0,00    0,00    0,00    0,00    0,00   96,97
Average:       3    0,00    0,00    0,00    0,00    0,00    0,00    0,00    0,00    0,00  100,00
Average:       4    1,00    0,00    2,00    0,00    0,00    0,00    0,00    0,00    0,00   97,00
Average:       5    0,00    0,00    0,00    0,00    0,00    0,00    0,00    0,00    0,00  100,00
Average:       6    0,00    0,00    1,02    0,00    0,00    0,00    0,00    0,00    0,00   98,98
Average:       7   14,00    0,00    0,00    0,00    0,00    0,00    0,00    0,00    0,00   86,00
Average:       8    3,00    0,00    2,00    0,00    0,00    0,00    0,00    0,00    0,00   95,00
Average:       9    1,01    0,00    2,02    0,00    0,00    0,00    0,00    0,00    0,00   96,97
Average:      10    2,02    0,00    2,02    0,00    0,00    0,00    0,00    0,00    0,00   95,96
Average:      11    4,08    0,00    7,14    0,00    0,00    0,00    0,00    0,00    0,00   88,78
Average:      12    2,00    0,00    2,00    0,00    0,00    0,00    0,00    0,00    0,00   96,00
Average:      13    1,00    0,00    1,00    0,00    0,00    0,00    0,00    0,00    0,00   98,00
Average:      14    0,00    0,00    0,00    0,00    0,00    0,00    0,00    0,00    0,00  100,00
Average:      15    1,00    0,00    0,00    0,00    0,00    0,00    0,00    0,00    0,00   99,00
Linux 6.8.0-45-lowlatency (ntb-hp) 	25/09/2024 	_x86_64_	(16 CPU)

10:25:01     CPU    %usr   %nice    %sys %iowait    %irq   %soft  %steal  %guest  %gnice   %idle
10:25:02     all    1,01    0,00    1,20    0,06    0,00    0,00    0,00    0,00    0,00   97,73
10:25:02       0    1,01    0,00    1,01    0,00    0,00    0,00    0,00    0,00    0,00   97,98
10:25:02       1    0,00    0,00    0,00    0,00    0,00    0,00    0,00    0,00    0,00  100,00
10:25:02       2    3,06    0,00    1,02    0,00    0,00    0,00    0,00    0,00    0,00   95,92
10:25:02       3    1,00    0,00    0,00    0,00    0,00    0,00    0,00    0,00    0,00   99,00
10:25:02       4    1,02    0,00    1,02    0,00    0,00    0,00    0,00    0,00    0,00   97,96
10:25:02       5    0,00    0,00    0,99    0,99    0,00    0,00    0,00    0,00    0,00   98,02
10:25:02       6    2,06    0,00    1,03    0,00    0,00    0,00    0,00    0,00    0,00   96,91
10:25:02       7    0,99    0,00    0,99    0,00    0,00    0,00    0,00    0,00    0,00   98,02
10:25:02       8    1,01    0,00    1,01    0,00    0,00    0,00    0,00    0,00    0,00   97,98
10:25:02       9    2,00    0,00    3,00    0,00    0,00    0,00    0,00    0,00    0,00   95,00
10:25:02      10    0,00    0,00    1,01    0,00    0,00    0,00    0,00    0,00    0,00   98,99
10:25:02      11    4,04    0,00    6,06    0,00    0,00    0,00    0,00    0,00    0,00   89,90
10:25:02      12    0,00    0,00    1,01    0,00    0,00    0,00    0,00    0,00    0,00   98,99
10:25:02      13    0,00    0,00    0,00    0,00    0,00    0,00    0,00    0,00    0,00  100,00
10:25:02      14    0,00    0,00    0,00    0,00    0,00    0,00    0,00    0,00    0,00  100,00
10:25:02      15    0,00    0,00    1,01    0,00    0,00    0,00    0,00    0,00    0,00   98,99

Average:     CPU    %usr   %nice    %sys %iowait    %irq   %soft  %steal  %guest  %gnice   %idle
Average:     all    1,01    0,00    1,20    0,06    0,00    0,00    0,00    0,00    0,00   97,73
Average:       0    1,01    0,00    1,01    0,00    0,00    0,00    0,00    0,00    0,00   97,98
Average:       1    0,00    0,00    0,00    0,00    0,00    0,00    0,00    0,00    0,00  100,00
Average:       2    3,06    0,00    1,02    0,00    0,00    0,00    0,00    0,00    0,00   95,92
Average:       3    1,00    0,00    0,00    0,00    0,00    0,00    0,00    0,00    0,00   99,00
Average:       4    1,02    0,00    1,02    0,00    0,00    0,00    0,00    0,00    0,00   97,96
Average:       5    0,00    0,00    0,99    0,99    0,00    0,00    0,00    0,00    0,00   98,02
Average:       6    2,06    0,00    1,03    0,00    0,00    0,00    0,00    0,00    0,00   96,91
Average:       7    0,99    0,00    0,99    0,00    0,00    0,00    0,00    0,00    0,00   98,02
Average:       8    1,01    0,00    1,01    0,00    0,00    0,00    0,00    0,00    0,00   97,98
Average:       9    2,00    0,00    3,00    0,00    0,00    0,00    0,00    0,00    0,00   95,00
Average:      10    0,00    0,00    1,01    0,00    0,00    0,00    0,00    0,00    0,00   98,99
Average:      11    4,04    0,00    6,06    0,00    0,00    0,00    0,00    0,00    0,00   89,90
Average:      12    0,00    0,00    1,01    0,00    0,00    0,00    0,00    0,00    0,00   98,99
Average:      13    0,00    0,00    0,00    0,00    0,00    0,00    0,00    0,00    0,00  100,00
Average:      14    0,00    0,00    0,00    0,00    0,00    0,00    0,00    0,00    0,00  100,00
Average:      15    0,00    0,00    1,01    0,00    0,00    0,00    0,00    0,00    0,00   98,99
Linux 6.8.0-45-lowlatency (ntb-hp) 	25/09/2024 	_x86_64_	(16 CPU)

10:30:02     CPU    %usr   %nice    %sys %iowait    %irq   %soft  %steal  %guest  %gnice   %idle
10:30:03     all    3,01    0,00    1,82    0,06    0,00    0,00    0,00    0,00    0,00   95,11
10:30:03       0    2,00    0,00    1,00    0,00    0,00    0,00    0,00    0,00    0,00   97,00
10:30:03       1    0,99    0,00    0,99    0,00    0,00    0,00    0,00    0,00    0,00   98,02
10:30:03       2    1,02    0,00    1,02    0,00    0,00    0,00    0,00    0,00    0,00   97,96
10:30:03       3    2,02    0,00    0,00    0,00    0,00    0,00    0,00    0,00    0,00   97,98
10:30:03       4    2,04    0,00    1,02    1,02    0,00    0,00    0,00    0,00    0,00   95,92
10:30:03       5    1,00    0,00    1,00    0,00    0,00    0,00    0,00    0,00    0,00   98,00
10:30:03       6    2,02    0,00    2,02    0,00    0,00    0,00    0,00    0,00    0,00   95,96
10:30:03       7   20,79    0,00    6,93    0,00    0,00    0,00    0,00    0,00    0,00   72,28
10:30:03       8    5,10    0,00    6,12    0,00    0,00    0,00    0,00    0,00    0,00   88,78
10:30:03       9    2,97    0,00    1,98    0,00    0,00    0,00    0,00    0,00    0,00   95,05
10:30:03      10    1,02    0,00    1,02    0,00    0,00    0,00    0,00    0,00    0,00   97,96
10:30:03      11    3,00    0,00    1,00    0,00    0,00    0,00    0,00    0,00    0,00   96,00
10:30:03      12    0,99    0,00    0,99    0,00    0,00    0,00    0,00    0,00    0,00   98,02
10:30:03      13    0,00    0,00    1,00    0,00    0,00    0,00    0,00    0,00    0,00   99,00
10:30:03      14    0,99    0,00    0,99    0,00    0,00    0,00    0,00    0,00    0,00   98,02
10:30:03      15    1,98    0,00    1,98    0,00    0,00    0,00    0,00    0,00    0,00   96,04

Average:     CPU    %usr   %nice    %sys %iowait    %irq   %soft  %steal  %guest  %gnice   %idle
Average:     all    3,01    0,00    1,82    0,06    0,00    0,00    0,00    0,00    0,00   95,11
Average:       0    2,00    0,00    1,00    0,00    0,00    0,00    0,00    0,00    0,00   97,00
Average:       1    0,99    0,00    0,99    0,00    0,00    0,00    0,00    0,00    0,00   98,02
Average:       2    1,02    0,00    1,02    0,00    0,00    0,00    0,00    0,00    0,00   97,96
Average:       3    2,02    0,00    0,00    0,00    0,00    0,00    0,00    0,00    0,00   97,98
Average:       4    2,04    0,00    1,02    1,02    0,00    0,00    0,00    0,00    0,00   95,92
Average:       5    1,00    0,00    1,00    0,00    0,00    0,00    0,00    0,00    0,00   98,00
Average:       6    2,02    0,00    2,02    0,00    0,00    0,00    0,00    0,00    0,00   95,96
Average:       7   20,79    0,00    6,93    0,00    0,00    0,00    0,00    0,00    0,00   72,28
Average:       8    5,10    0,00    6,12    0,00    0,00    0,00    0,00    0,00    0,00   88,78
Average:       9    2,97    0,00    1,98    0,00    0,00    0,00    0,00    0,00    0,00   95,05
Average:      10    1,02    0,00    1,02    0,00    0,00    0,00    0,00    0,00    0,00   97,96
Average:      11    3,00    0,00    1,00    0,00    0,00    0,00    0,00    0,00    0,00   96,00
Average:      12    0,99    0,00    0,99    0,00    0,00    0,00    0,00    0,00    0,00   98,02
Average:      13    0,00    0,00    1,00    0,00    0,00    0,00    0,00    0,00    0,00   99,00
Average:      14    0,99    0,00    0,99    0,00    0,00    0,00    0,00    0,00    0,00   98,02
Average:      15    1,98    0,00    1,98    0,00    0,00    0,00    0,00    0,00    0,00   96,04
Linux 6.8.0-45-lowlatency (ntb-hp) 	25/09/2024 	_x86_64_	(16 CPU)

10:35:03     CPU    %usr   %nice    %sys %iowait    %irq   %soft  %steal  %guest  %gnice   %idle
10:35:04     all    3,22    0,00    1,58    0,06    0,00    0,00    0,00    0,00    0,00   95,14
10:35:04       0   12,24    0,00    1,02    0,00    0,00    0,00    0,00    0,00    0,00   86,73
10:35:04       1    0,00    0,00    1,01    0,00    0,00    0,00    0,00    0,00    0,00   98,99
10:35:04       2    1,02    0,00    1,02    0,00    0,00    0,00    0,00    0,00    0,00   97,96
10:35:04       3    3,03    0,00    1,01    0,00    0,00    0,00    0,00    0,00    0,00   95,96
10:35:04       4    2,02    0,00    2,02    0,00    0,00    0,00    0,00    0,00    0,00   95,96
10:35:04       5    0,99    0,00    0,99    0,00    0,00    0,00    0,00    0,00    0,00   98,02
10:35:04       6   15,00    0,00    2,00    0,00    0,00    0,00    0,00    0,00    0,00   83,00
10:35:04       7    4,00    0,00    0,00    0,00    0,00    0,00    0,00    0,00    0,00   96,00
10:35:04       8    3,06    0,00    5,10    0,00    0,00    0,00    0,00    0,00    0,00   91,84
10:35:04       9    3,03    0,00    2,02    0,00    0,00    0,00    0,00    0,00    0,00   94,95
10:35:04      10    2,02    0,00    2,02    1,01    0,00    0,00    0,00    0,00    0,00   94,95
10:35:04      11    3,03    0,00    5,05    0,00    0,00    0,00    0,00    0,00    0,00   91,92
10:35:04      12    1,01    0,00    0,00    0,00    0,00    0,00    0,00    0,00    0,00   98,99
10:35:04      13    0,00    0,00    0,00    0,00    0,00    0,00    0,00    0,00    0,00  100,00
10:35:04      14    0,00    0,00    1,01    0,00    0,00    0,00    0,00    0,00    0,00   98,99
10:35:04      15    1,01    0,00    1,01    0,00    0,00    0,00    0,00    0,00    0,00   97,98

Average:     CPU    %usr   %nice    %sys %iowait    %irq   %soft  %steal  %guest  %gnice   %idle
Average:     all    3,22    0,00    1,58    0,06    0,00    0,00    0,00    0,00    0,00   95,14
Average:       0   12,24    0,00    1,02    0,00    0,00    0,00    0,00    0,00    0,00   86,73
Average:       1    0,00    0,00    1,01    0,00    0,00    0,00    0,00    0,00    0,00   98,99
Average:       2    1,02    0,00    1,02    0,00    0,00    0,00    0,00    0,00    0,00   97,96
Average:       3    3,03    0,00    1,01    0,00    0,00    0,00    0,00    0,00    0,00   95,96
Average:       4    2,02    0,00    2,02    0,00    0,00    0,00    0,00    0,00    0,00   95,96
Average:       5    0,99    0,00    0,99    0,00    0,00    0,00    0,00    0,00    0,00   98,02
Average:       6   15,00    0,00    2,00    0,00    0,00    0,00    0,00    0,00    0,00   83,00
Average:       7    4,00    0,00    0,00    0,00    0,00    0,00    0,00    0,00    0,00   96,00
Average:       8    3,06    0,00    5,10    0,00    0,00    0,00    0,00    0,00    0,00   91,84
Average:       9    3,03    0,00    2,02    0,00    0,00    0,00    0,00    0,00    0,00   94,95
Average:      10    2,02    0,00    2,02    1,01    0,00    0,00    0,00    0,00    0,00   94,95
Average:      11    3,03    0,00    5,05    0,00    0,00    0,00    0,00    0,00    0,00   91,92
Average:      12    1,01    0,00    0,00    0,00    0,00    0,00    0,00    0,00    0,00   98,99
Average:      13    0,00    0,00    0,00    0,00    0,00    0,00    0,00    0,00    0,00  100,00
Average:      14    0,00    0,00    1,01    0,00    0,00    0,00    0,00    0,00    0,00   98,99
Average:      15    1,01    0,00    1,01    0,00    0,00    0,00    0,00    0,00    0,00   97,98
Linux 6.8.0-45-lowlatency (ntb-hp) 	25/09/2024 	_x86_64_	(16 CPU)

10:40:04     CPU    %usr   %nice    %sys %iowait    %irq   %soft  %steal  %guest  %gnice   %idle
10:40:05     all    4,74    0,00    1,90    0,19    0,00    0,06    0,00    0,00    0,00   93,11
10:40:05       0    5,10    0,00    2,04    0,00    0,00    0,00    0,00    0,00    0,00   92,86
10:40:05       1    3,03    0,00    1,01    0,00    0,00    0,00    0,00    0,00    0,00   95,96
10:40:05       2   12,24    0,00    3,06    0,00    0,00    0,00    0,00    0,00    0,00   84,69
10:40:05       3    0,00    0,00    0,00    0,00    0,00    0,00    0,00    0,00    0,00  100,00
10:40:05       4    5,21    0,00    2,08    0,00    0,00    0,00    0,00    0,00    0,00   92,71
10:40:05       5   13,00    0,00    0,00    0,00    0,00    0,00    0,00    0,00    0,00   87,00
10:40:05       6    9,28    0,00    2,06    1,03    0,00    0,00    0,00    0,00    0,00   87,63
10:40:05       7    2,00    0,00    0,00    0,00    0,00    0,00    0,00    0,00    0,00   98,00
10:40:05       8    7,00    0,00    3,00    0,00    0,00    0,00    0,00    0,00    0,00   90,00
10:40:05       9    2,02    0,00    2,02    0,00    0,00    1,01    0,00    0,00    0,00   94,95
10:40:05      10    4,04    0,00    1,01    0,00    0,00    0,00    0,00    0,00    0,00   94,95
10:40:05      11    6,06    0,00    9,09    0,00    0,00    0,00    0,00    0,00    0,00   84,85
10:40:05      12    2,02    0,00    2,02    0,00    0,00    0,00    0,00    0,00    0,00   95,96
10:40:05      13    3,03    0,00    1,01    0,00    0,00    0,00    0,00    0,00    0,00   95,96
10:40:05      14    1,00    0,00    1,00    1,00    0,00    0,00    0,00    0,00    0,00   97,00
10:40:05      15    1,01    0,00    1,01    1,01    0,00    0,00    0,00    0,00    0,00   96,97

Average:     CPU    %usr   %nice    %sys %iowait    %irq   %soft  %steal  %guest  %gnice   %idle
Average:     all    4,74    0,00    1,90    0,19    0,00    0,06    0,00    0,00    0,00   93,11
Average:       0    5,10    0,00    2,04    0,00    0,00    0,00    0,00    0,00    0,00   92,86
Average:       1    3,03    0,00    1,01    0,00    0,00    0,00    0,00    0,00    0,00   95,96
Average:       2   12,24    0,00    3,06    0,00    0,00    0,00    0,00    0,00    0,00   84,69
Average:       3    0,00    0,00    0,00    0,00    0,00    0,00    0,00    0,00    0,00  100,00
Average:       4    5,21    0,00    2,08    0,00    0,00    0,00    0,00    0,00    0,00   92,71
Average:       5   13,00    0,00    0,00    0,00    0,00    0,00    0,00    0,00    0,00   87,00
Average:       6    9,28    0,00    2,06    1,03    0,00    0,00    0,00    0,00    0,00   87,63
Average:       7    2,00    0,00    0,00    0,00    0,00    0,00    0,00    0,00    0,00   98,00
Average:       8    7,00    0,00    3,00    0,00    0,00    0,00    0,00    0,00    0,00   90,00
Average:       9    2,02    0,00    2,02    0,00    0,00    1,01    0,00    0,00    0,00   94,95
Average:      10    4,04    0,00    1,01    0,00    0,00    0,00    0,00    0,00    0,00   94,95
Average:      11    6,06    0,00    9,09    0,00    0,00    0,00    0,00    0,00    0,00   84,85
Average:      12    2,02    0,00    2,02    0,00    0,00    0,00    0,00    0,00    0,00   95,96
Average:      13    3,03    0,00    1,01    0,00    0,00    0,00    0,00    0,00    0,00   95,96
Average:      14    1,00    0,00    1,00    1,00    0,00    0,00    0,00    0,00    0,00   97,00
Average:      15    1,01    0,00    1,01    1,01    0,00    0,00    0,00    0,00    0,00   96,97
Linux 6.8.0-45-lowlatency (ntb-hp) 	25/09/2024 	_x86_64_	(16 CPU)

10:45:05     CPU    %usr   %nice    %sys %iowait    %irq   %soft  %steal  %guest  %gnice   %idle
10:45:06     all    6,30    0,00    3,02    0,76    0,00    0,06    0,00    0,00    0,00   89,86
10:45:06       0    6,25    0,00    4,17    0,00    0,00    0,00    0,00    0,00    0,00   89,58
10:45:06       1    1,01    0,00    0,00    0,00    0,00    0,00    0,00    0,00    0,00   98,99
10:45:06       2   10,10    0,00    3,03    2,02    0,00    0,00    0,00    0,00    0,00   84,85
10:45:06       3    1,98    0,00    0,99    0,00    0,00    0,00    0,00    0,00    0,00   97,03
10:45:06       4   12,63    0,00    3,16    2,11    0,00    0,00    0,00    0,00    0,00   82,11
10:45:06       5    2,97    0,00    0,99    0,00    0,00    0,00    0,00    0,00    0,00   96,04
10:45:06       6   22,22    0,00    5,05    0,00    0,00    0,00    0,00    0,00    0,00   72,73
10:45:06       7    1,00    0,00    1,00    0,00    0,00    0,00    0,00    0,00    0,00   98,00
10:45:06       8   10,20    0,00   10,20    0,00    0,00    0,00    0,00    0,00    0,00   79,59
10:45:06       9   10,00    0,00    4,00    0,00    0,00    0,00    0,00    0,00    0,00   86,00
10:45:06      10    8,00    0,00    4,00    0,00    0,00    0,00    0,00    0,00    0,00   88,00
10:45:06      11    6,00    0,00    4,00    0,00    0,00    0,00    0,00    0,00    0,00   90,00
10:45:06      12    2,04    0,00    2,04    5,10    0,00    1,02    0,00    0,00    0,00   89,80
10:45:06      13    2,00    0,00    2,00    1,00    0,00    0,00    0,00    0,00    0,00   95,00
10:45:06      14    3,00    0,00    2,00    0,00    0,00    0,00    0,00    0,00    0,00   95,00
10:45:06      15    1,98    0,00    1,98    1,98    0,00    0,00    0,00    0,00    0,00   94,06

Average:     CPU    %usr   %nice    %sys %iowait    %irq   %soft  %steal  %guest  %gnice   %idle
Average:     all    6,30    0,00    3,02    0,76    0,00    0,06    0,00    0,00    0,00   89,86
Average:       0    6,25    0,00    4,17    0,00    0,00    0,00    0,00    0,00    0,00   89,58
Average:       1    1,01    0,00    0,00    0,00    0,00    0,00    0,00    0,00    0,00   98,99
Average:       2   10,10    0,00    3,03    2,02    0,00    0,00    0,00    0,00    0,00   84,85
Average:       3    1,98    0,00    0,99    0,00    0,00    0,00    0,00    0,00    0,00   97,03
Average:       4   12,63    0,00    3,16    2,11    0,00    0,00    0,00    0,00    0,00   82,11
Average:       5    2,97    0,00    0,99    0,00    0,00    0,00    0,00    0,00    0,00   96,04
Average:       6   22,22    0,00    5,05    0,00    0,00    0,00    0,00    0,00    0,00   72,73
Average:       7    1,00    0,00    1,00    0,00    0,00    0,00    0,00    0,00    0,00   98,00
Average:       8   10,20    0,00   10,20    0,00    0,00    0,00    0,00    0,00    0,00   79,59
Average:       9   10,00    0,00    4,00    0,00    0,00    0,00    0,00    0,00    0,00   86,00
Average:      10    8,00    0,00    4,00    0,00    0,00    0,00    0,00    0,00    0,00   88,00
Average:      11    6,00    0,00    4,00    0,00    0,00    0,00    0,00    0,00    0,00   90,00
Average:      12    2,04    0,00    2,04    5,10    0,00    1,02    0,00    0,00    0,00   89,80
Average:      13    2,00    0,00    2,00    1,00    0,00    0,00    0,00    0,00    0,00   95,00
Average:      14    3,00    0,00    2,00    0,00    0,00    0,00    0,00    0,00    0,00   95,00
Average:      15    1,98    0,00    1,98    1,98    0,00    0,00    0,00    0,00    0,00   94,06
Linux 6.8.0-45-lowlatency (ntb-hp) 	25/09/2024 	_x86_64_	(16 CPU)

10:50:06     CPU    %usr   %nice    %sys %iowait    %irq   %soft  %steal  %guest  %gnice   %idle
10:50:07     all    2,84    0,00    2,15    0,25    0,00    0,06    0,00    0,00    0,00   94,70
10:50:07       0    2,04    0,00    3,06    0,00    0,00    0,00    0,00    0,00    0,00   94,90
10:50:07       1    2,04    0,00    0,00    0,00    0,00    0,00    0,00    0,00    0,00   97,96
10:50:07       2    3,00    0,00    2,00    0,00    0,00    1,00    0,00    0,00    0,00   94,00
10:50:07       3    3,03    0,00    1,01    0,00    0,00    0,00    0,00    0,00    0,00   95,96
10:50:07       4    5,05    0,00    4,04    0,00    0,00    0,00    0,00    0,00    0,00   90,91
10:50:07       5    2,02    0,00    0,00    0,00    0,00    0,00    0,00    0,00    0,00   97,98
10:50:07       6    3,03    0,00    3,03    0,00    0,00    0,00    0,00    0,00    0,00   93,94
10:50:07       7    4,08    0,00    1,02    0,00    0,00    0,00    0,00    0,00    0,00   94,90
10:50:07       8    6,06    0,00    3,03    0,00    0,00    0,00    0,00    0,00    0,00   90,91
10:50:07       9    3,00    0,00    3,00    1,00    0,00    0,00    0,00    0,00    0,00   93,00
10:50:07      10    4,04    0,00    2,02    0,00    0,00    0,00    0,00    0,00    0,00   93,94
10:50:07      11    4,00    0,00    8,00    0,00    0,00    0,00    0,00    0,00    0,00   88,00
10:50:07      12    0,00    0,00    1,02    0,00    0,00    0,00    0,00    0,00    0,00   98,98
10:50:07      13    1,98    0,00    0,99    0,99    0,00    0,00    0,00    0,00    0,00   96,04
10:50:07      14    1,02    0,00    0,00    0,00    0,00    0,00    0,00    0,00    0,00   98,98
10:50:07      15    1,00    0,00    2,00    2,00    0,00    0,00    0,00    0,00    0,00   95,00

Average:     CPU    %usr   %nice    %sys %iowait    %irq   %soft  %steal  %guest  %gnice   %idle
Average:     all    2,84    0,00    2,15    0,25    0,00    0,06    0,00    0,00    0,00   94,70
Average:       0    2,04    0,00    3,06    0,00    0,00    0,00    0,00    0,00    0,00   94,90
Average:       1    2,04    0,00    0,00    0,00    0,00    0,00    0,00    0,00    0,00   97,96
Average:       2    3,00    0,00    2,00    0,00    0,00    1,00    0,00    0,00    0,00   94,00
Average:       3    3,03    0,00    1,01    0,00    0,00    0,00    0,00    0,00    0,00   95,96
Average:       4    5,05    0,00    4,04    0,00    0,00    0,00    0,00    0,00    0,00   90,91
Average:       5    2,02    0,00    0,00    0,00    0,00    0,00    0,00    0,00    0,00   97,98
Average:       6    3,03    0,00    3,03    0,00    0,00    0,00    0,00    0,00    0,00   93,94
Average:       7    4,08    0,00    1,02    0,00    0,00    0,00    0,00    0,00    0,00   94,90
Average:       8    6,06    0,00    3,03    0,00    0,00    0,00    0,00    0,00    0,00   90,91
Average:       9    3,00    0,00    3,00    1,00    0,00    0,00    0,00    0,00    0,00   93,00
Average:      10    4,04    0,00    2,02    0,00    0,00    0,00    0,00    0,00    0,00   93,94
Average:      11    4,00    0,00    8,00    0,00    0,00    0,00    0,00    0,00    0,00   88,00
Average:      12    0,00    0,00    1,02    0,00    0,00    0,00    0,00    0,00    0,00   98,98
Average:      13    1,98    0,00    0,99    0,99    0,00    0,00    0,00    0,00    0,00   96,04
Average:      14    1,02    0,00    0,00    0,00    0,00    0,00    0,00    0,00    0,00   98,98
Average:      15    1,00    0,00    2,00    2,00    0,00    0,00    0,00    0,00    0,00   95,00
Linux 6.8.0-45-lowlatency (ntb-hp) 	25/09/2024 	_x86_64_	(16 CPU)

10:55:07     CPU    %usr   %nice    %sys %iowait    %irq   %soft  %steal  %guest  %gnice   %idle
10:55:08     all    3,28    0,00    1,64    0,13    0,00    0,00    0,00    0,00    0,00   94,95
10:55:08       0   10,20    0,00    0,00    0,00    0,00    0,00    0,00    0,00    0,00   89,80
10:55:08       1    0,00    0,00    1,01    0,00    0,00    0,00    0,00    0,00    0,00   98,99
10:55:08       2    4,04    0,00    2,02    0,00    0,00    0,00    0,00    0,00    0,00   93,94
10:55:08       3    0,00    0,00    0,00    0,00    0,00    0,00    0,00    0,00    0,00  100,00
10:55:08       4    4,08    0,00    3,06    0,00    0,00    0,00    0,00    0,00    0,00   92,86
10:55:08       5    0,00    0,00    0,00    0,00    0,00    0,00    0,00    0,00    0,00  100,00
10:55:08       6    6,12    0,00    3,06    0,00    0,00    0,00    0,00    0,00    0,00   90,82
10:55:08       7    0,00    0,00    0,00    0,00    0,00    0,00    0,00    0,00    0,00  100,00
10:55:08       8    8,16    0,00    4,08    0,00    0,00    0,00    0,00    0,00    0,00   87,76
10:55:08       9    3,06    0,00    2,04    0,00    0,00    0,00    0,00    0,00    0,00   94,90
10:55:08      10    4,04    0,00    2,02    0,00    0,00    0,00    0,00    0,00    0,00   93,94
10:55:08      11    2,97    0,00    2,97    0,00    0,00    0,00    0,00    0,00    0,00   94,06
10:55:08      12    2,02    0,00    2,02    1,01    0,00    0,00    0,00    0,00    0,00   94,95
10:55:08      13    2,02    0,00    2,02    1,01    0,00    0,00    0,00    0,00    0,00   94,95
10:55:08      14    4,00    0,00    1,00    0,00    0,00    0,00    0,00    0,00    0,00   95,00
10:55:08      15    2,02    0,00    1,01    0,00    0,00    0,00    0,00    0,00    0,00   96,97

Average:     CPU    %usr   %nice    %sys %iowait    %irq   %soft  %steal  %guest  %gnice   %idle
Average:     all    3,28    0,00    1,64    0,13    0,00    0,00    0,00    0,00    0,00   94,95
Average:       0   10,20    0,00    0,00    0,00    0,00    0,00    0,00    0,00    0,00   89,80
Average:       1    0,00    0,00    1,01    0,00    0,00    0,00    0,00    0,00    0,00   98,99
Average:       2    4,04    0,00    2,02    0,00    0,00    0,00    0,00    0,00    0,00   93,94
Average:       3    0,00    0,00    0,00    0,00    0,00    0,00    0,00    0,00    0,00  100,00
Average:       4    4,08    0,00    3,06    0,00    0,00    0,00    0,00    0,00    0,00   92,86
Average:       5    0,00    0,00    0,00    0,00    0,00    0,00    0,00    0,00    0,00  100,00
Average:       6    6,12    0,00    3,06    0,00    0,00    0,00    0,00    0,00    0,00   90,82
Average:       7    0,00    0,00    0,00    0,00    0,00    0,00    0,00    0,00    0,00  100,00
Average:       8    8,16    0,00    4,08    0,00    0,00    0,00    0,00    0,00    0,00   87,76
Average:       9    3,06    0,00    2,04    0,00    0,00    0,00    0,00    0,00    0,00   94,90
Average:      10    4,04    0,00    2,02    0,00    0,00    0,00    0,00    0,00    0,00   93,94
Average:      11    2,97    0,00    2,97    0,00    0,00    0,00    0,00    0,00    0,00   94,06
Average:      12    2,02    0,00    2,02    1,01    0,00    0,00    0,00    0,00    0,00   94,95
Average:      13    2,02    0,00    2,02    1,01    0,00    0,00    0,00    0,00    0,00   94,95
Average:      14    4,00    0,00    1,00    0,00    0,00    0,00    0,00    0,00    0,00   95,00
Average:      15    2,02    0,00    1,01    0,00    0,00    0,00    0,00    0,00    0,00   96,97
Linux 6.8.0-45-lowlatency (ntb-hp) 	25/09/2024 	_x86_64_	(16 CPU)

11:00:08     CPU    %usr   %nice    %sys %iowait    %irq   %soft  %steal  %guest  %gnice   %idle
11:00:09     all    3,43    0,00    2,10    0,06    0,00    0,00    0,00    0,00    0,00   94,41
11:00:09       0    4,12    0,00    1,03    0,00    0,00    0,00    0,00    0,00    0,00   94,85
11:00:09       1    1,02    0,00    1,02    0,00    0,00    0,00    0,00    0,00    0,00   97,96
11:00:09       2    5,00    0,00    3,00    0,00    0,00    0,00    0,00    0,00    0,00   92,00
11:00:09       3    4,08    0,00    2,04    0,00    0,00    0,00    0,00    0,00    0,00   93,88
11:00:09       4    9,28    0,00    3,09    0,00    0,00    0,00    0,00    0,00    0,00   87,63
11:00:09       5    1,00    0,00    1,00    0,00    0,00    0,00    0,00    0,00    0,00   98,00
11:00:09       6    8,08    0,00    5,05    0,00    0,00    0,00    0,00    0,00    0,00   86,87
11:00:09       7    1,01    0,00    0,00    0,00    0,00    0,00    0,00    0,00    0,00   98,99
11:00:09       8    8,16    0,00    5,10    1,02    0,00    0,00    0,00    0,00    0,00   85,71
11:00:09       9    4,04    0,00    3,03    0,00    0,00    0,00    0,00    0,00    0,00   92,93
11:00:09      10    4,08    0,00    3,06    0,00    0,00    0,00    0,00    0,00    0,00   92,86
11:00:09      11    3,06    0,00    2,04    0,00    0,00    0,00    0,00    0,00    0,00   94,90
11:00:09      12    0,00    0,00    2,04    0,00    0,00    0,00    0,00    0,00    0,00   97,96
11:00:09      13    1,01    0,00    1,01    0,00    0,00    0,00    0,00    0,00    0,00   97,98
11:00:09      14    1,01    0,00    1,01    0,00    0,00    0,00    0,00    0,00    0,00   97,98
11:00:09      15    0,00    0,00    0,00    0,00    0,00    0,00    0,00    0,00    0,00  100,00

Average:     CPU    %usr   %nice    %sys %iowait    %irq   %soft  %steal  %guest  %gnice   %idle
Average:     all    3,43    0,00    2,10    0,06    0,00    0,00    0,00    0,00    0,00   94,41
Average:       0    4,12    0,00    1,03    0,00    0,00    0,00    0,00    0,00    0,00   94,85
Average:       1    1,02    0,00    1,02    0,00    0,00    0,00    0,00    0,00    0,00   97,96
Average:       2    5,00    0,00    3,00    0,00    0,00    0,00    0,00    0,00    0,00   92,00
Average:       3    4,08    0,00    2,04    0,00    0,00    0,00    0,00    0,00    0,00   93,88
Average:       4    9,28    0,00    3,09    0,00    0,00    0,00    0,00    0,00    0,00   87,63
Average:       5    1,00    0,00    1,00    0,00    0,00    0,00    0,00    0,00    0,00   98,00
Average:       6    8,08    0,00    5,05    0,00    0,00    0,00    0,00    0,00    0,00   86,87
Average:       7    1,01    0,00    0,00    0,00    0,00    0,00    0,00    0,00    0,00   98,99
Average:       8    8,16    0,00    5,10    1,02    0,00    0,00    0,00    0,00    0,00   85,71
Average:       9    4,04    0,00    3,03    0,00    0,00    0,00    0,00    0,00    0,00   92,93
Average:      10    4,08    0,00    3,06    0,00    0,00    0,00    0,00    0,00    0,00   92,86
Average:      11    3,06    0,00    2,04    0,00    0,00    0,00    0,00    0,00    0,00   94,90
Average:      12    0,00    0,00    2,04    0,00    0,00    0,00    0,00    0,00    0,00   97,96
Average:      13    1,01    0,00    1,01    0,00    0,00    0,00    0,00    0,00    0,00   97,98
Average:      14    1,01    0,00    1,01    0,00    0,00    0,00    0,00    0,00    0,00   97,98
Average:      15    0,00    0,00    0,00    0,00    0,00    0,00    0,00    0,00    0,00  100,00
Linux 6.8.0-45-lowlatency (ntb-hp) 	25/09/2024 	_x86_64_	(16 CPU)

11:05:09     CPU    %usr   %nice    %sys %iowait    %irq   %soft  %steal  %guest  %gnice   %idle
11:05:10     all    2,58    0,00    1,58    0,13    0,00    0,00    0,00    0,00    0,00   95,72
11:05:10       0    3,03    0,00    1,01    0,00    0,00    0,00    0,00    0,00    0,00   95,96
11:05:10       1    1,01    0,00    1,01    0,00    0,00    0,00    0,00    0,00    0,00   97,98
11:05:10       2    2,04    0,00    2,04    0,00    0,00    0,00    0,00    0,00    0,00   95,92
11:05:10       3    2,04    0,00    0,00    0,00    0,00    0,00    0,00    0,00    0,00   97,96
11:05:10       4    3,06    0,00    3,06    0,00    0,00    0,00    0,00    0,00    0,00   93,88
11:05:10       5    2,00    0,00    1,00    0,00    0,00    0,00    0,00    0,00    0,00   97,00
11:05:10       6    3,03    0,00    2,02    1,01    0,00    0,00    0,00    0,00    0,00   93,94
11:05:10       7    8,91    0,00    0,99    0,00    0,00    0,00    0,00    0,00    0,00   90,10
11:05:10       8    2,02    0,00    1,01    0,00    0,00    0,00    0,00    0,00    0,00   96,97
11:05:10       9    2,02    0,00    2,02    0,00    0,00    0,00    0,00    0,00    0,00   95,96
11:05:10      10    2,02    0,00    1,01    0,00    0,00    0,00    0,00    0,00    0,00   96,97
11:05:10      11    4,08    0,00    6,12    0,00    0,00    0,00    0,00    0,00    0,00   89,80
11:05:10      12    1,00    0,00    0,00    0,00    0,00    0,00    0,00    0,00    0,00   99,00
11:05:10      13    1,00    0,00    2,00    0,00    0,00    0,00    0,00    0,00    0,00   97,00
11:05:10      14    3,03    0,00    1,01    0,00    0,00    0,00    0,00    0,00    0,00   95,96
11:05:10      15    0,99    0,00    0,99    0,99    0,00    0,00    0,00    0,00    0,00   97,03

Average:     CPU    %usr   %nice    %sys %iowait    %irq   %soft  %steal  %guest  %gnice   %idle
Average:     all    2,58    0,00    1,58    0,13    0,00    0,00    0,00    0,00    0,00   95,72
Average:       0    3,03    0,00    1,01    0,00    0,00    0,00    0,00    0,00    0,00   95,96
Average:       1    1,01    0,00    1,01    0,00    0,00    0,00    0,00    0,00    0,00   97,98
Average:       2    2,04    0,00    2,04    0,00    0,00    0,00    0,00    0,00    0,00   95,92
Average:       3    2,04    0,00    0,00    0,00    0,00    0,00    0,00    0,00    0,00   97,96
Average:       4    3,06    0,00    3,06    0,00    0,00    0,00    0,00    0,00    0,00   93,88
Average:       5    2,00    0,00    1,00    0,00    0,00    0,00    0,00    0,00    0,00   97,00
Average:       6    3,03    0,00    2,02    1,01    0,00    0,00    0,00    0,00    0,00   93,94
Average:       7    8,91    0,00    0,99    0,00    0,00    0,00    0,00    0,00    0,00   90,10
Average:       8    2,02    0,00    1,01    0,00    0,00    0,00    0,00    0,00    0,00   96,97
Average:       9    2,02    0,00    2,02    0,00    0,00    0,00    0,00    0,00    0,00   95,96
Average:      10    2,02    0,00    1,01    0,00    0,00    0,00    0,00    0,00    0,00   96,97
Average:      11    4,08    0,00    6,12    0,00    0,00    0,00    0,00    0,00    0,00   89,80
Average:      12    1,00    0,00    0,00    0,00    0,00    0,00    0,00    0,00    0,00   99,00
Average:      13    1,00    0,00    2,00    0,00    0,00    0,00    0,00    0,00    0,00   97,00
Average:      14    3,03    0,00    1,01    0,00    0,00    0,00    0,00    0,00    0,00   95,96
Average:      15    0,99    0,00    0,99    0,99    0,00    0,00    0,00    0,00    0,00   97,03
Linux 6.8.0-45-lowlatency (ntb-hp) 	25/09/2024 	_x86_64_	(16 CPU)

11:10:10     CPU    %usr   %nice    %sys %iowait    %irq   %soft  %steal  %guest  %gnice   %idle
11:10:11     all    5,06    0,00    2,65    0,06    0,00    0,00    0,00    0,00    0,00   92,23
11:10:11       0    8,08    0,00    3,03    0,00    0,00    0,00    0,00    0,00    0,00   88,89
11:10:11       1    2,02    0,00    0,00    1,01    0,00    0,00    0,00    0,00    0,00   96,97
11:10:11       2    8,08    0,00    3,03    0,00    0,00    0,00    0,00    0,00    0,00   88,89
11:10:11       3    2,02    0,00    0,00    0,00    0,00    0,00    0,00    0,00    0,00   97,98
11:10:11       4    6,12    0,00    3,06    0,00    0,00    0,00    0,00    0,00    0,00   90,82
11:10:11       5    1,00    0,00    1,00    0,00    0,00    0,00    0,00    0,00    0,00   98,00
11:10:11       6    9,28    0,00    4,12    0,00    0,00    0,00    0,00    0,00    0,00   86,60
11:10:11       7    0,00    0,00    0,00    0,00    0,00    0,00    0,00    0,00    0,00  100,00
11:10:11       8    7,07    0,00    5,05    0,00    0,00    0,00    0,00    0,00    0,00   87,88
11:10:11       9    7,07    0,00    4,04    0,00    0,00    0,00    0,00    0,00    0,00   88,89
11:10:11      10    7,07    0,00    4,04    0,00    0,00    0,00    0,00    0,00    0,00   88,89
11:10:11      11    8,08    0,00    6,06    0,00    0,00    0,00    0,00    0,00    0,00   85,86
11:10:11      12    4,04    0,00    3,03    0,00    0,00    0,00    0,00    0,00    0,00   92,93
11:10:11      13    3,03    0,00    3,03    0,00    0,00    0,00    0,00    0,00    0,00   93,94
11:10:11      14    4,04    0,00    2,02    0,00    0,00    0,00    0,00    0,00    0,00   93,94
11:10:11      15    4,08    0,00    1,02    0,00    0,00    0,00    0,00    0,00    0,00   94,90

Average:     CPU    %usr   %nice    %sys %iowait    %irq   %soft  %steal  %guest  %gnice   %idle
Average:     all    5,06    0,00    2,65    0,06    0,00    0,00    0,00    0,00    0,00   92,23
Average:       0    8,08    0,00    3,03    0,00    0,00    0,00    0,00    0,00    0,00   88,89
Average:       1    2,02    0,00    0,00    1,01    0,00    0,00    0,00    0,00    0,00   96,97
Average:       2    8,08    0,00    3,03    0,00    0,00    0,00    0,00    0,00    0,00   88,89
Average:       3    2,02    0,00    0,00    0,00    0,00    0,00    0,00    0,00    0,00   97,98
Average:       4    6,12    0,00    3,06    0,00    0,00    0,00    0,00    0,00    0,00   90,82
Average:       5    1,00    0,00    1,00    0,00    0,00    0,00    0,00    0,00    0,00   98,00
Average:       6    9,28    0,00    4,12    0,00    0,00    0,00    0,00    0,00    0,00   86,60
Average:       7    0,00    0,00    0,00    0,00    0,00    0,00    0,00    0,00    0,00  100,00
Average:       8    7,07    0,00    5,05    0,00    0,00    0,00    0,00    0,00    0,00   87,88
Average:       9    7,07    0,00    4,04    0,00    0,00    0,00    0,00    0,00    0,00   88,89
Average:      10    7,07    0,00    4,04    0,00    0,00    0,00    0,00    0,00    0,00   88,89
Average:      11    8,08    0,00    6,06    0,00    0,00    0,00    0,00    0,00    0,00   85,86
Average:      12    4,04    0,00    3,03    0,00    0,00    0,00    0,00    0,00    0,00   92,93
Average:      13    3,03    0,00    3,03    0,00    0,00    0,00    0,00    0,00    0,00   93,94
Average:      14    4,04    0,00    2,02    0,00    0,00    0,00    0,00    0,00    0,00   93,94
Average:      15    4,08    0,00    1,02    0,00    0,00    0,00    0,00    0,00    0,00   94,90
Linux 6.8.0-45-lowlatency (ntb-hp) 	25/09/2024 	_x86_64_	(16 CPU)

11:15:11     CPU    %usr   %nice    %sys %iowait    %irq   %soft  %steal  %guest  %gnice   %idle
11:15:12     all    1,63    0,00    0,82    0,06    0,00    0,00    0,00    0,00    0,00   97,49
11:15:12       0    2,02    0,00    3,03    0,00    0,00    0,00    0,00    0,00    0,00   94,95
11:15:12       1    3,00    0,00    1,00    0,00    0,00    0,00    0,00    0,00    0,00   96,00
11:15:12       2    4,00    0,00    1,00    0,00    0,00    0,00    0,00    0,00    0,00   95,00
11:15:12       3    0,00    0,00    0,00    0,00    0,00    0,00    0,00    0,00    0,00  100,00
11:15:12       4    4,00    0,00    1,00    0,00    0,00    0,00    0,00    0,00    0,00   95,00
11:15:12       5    0,00    0,00    0,00    0,00    0,00    0,00    0,00    0,00    0,00  100,00
11:15:12       6    2,04    0,00    1,02    1,02    0,00    0,00    0,00    0,00    0,00   95,92
11:15:12       7    0,00    0,00    0,00    0,00    0,00    0,00    0,00    0,00    0,00  100,00
11:15:12       8    4,08    0,00    5,10    0,00    0,00    0,00    0,00    0,00    0,00   90,82
11:15:12       9    2,02    0,00    1,01    0,00    0,00    0,00    0,00    0,00    0,00   96,97
11:15:12      10    2,02    0,00    0,00    0,00    0,00    0,00    0,00    0,00    0,00   97,98
11:15:12      11    2,00    0,00    0,00    0,00    0,00    0,00    0,00    0,00    0,00   98,00
11:15:12      12    0,99    0,00    0,00    0,00    0,00    0,00    0,00    0,00    0,00   99,01
11:15:12      13    0,00    0,00    0,00    0,00    0,00    0,00    0,00    0,00    0,00  100,00
11:15:12      14    0,00    0,00    0,00    0,00    0,00    0,00    0,00    0,00    0,00  100,00
11:15:12      15    0,00    0,00    0,00    0,00    0,00    0,00    0,00    0,00    0,00  100,00

Average:     CPU    %usr   %nice    %sys %iowait    %irq   %soft  %steal  %guest  %gnice   %idle
Average:     all    1,63    0,00    0,82    0,06    0,00    0,00    0,00    0,00    0,00   97,49
Average:       0    2,02    0,00    3,03    0,00    0,00    0,00    0,00    0,00    0,00   94,95
Average:       1    3,00    0,00    1,00    0,00    0,00    0,00    0,00    0,00    0,00   96,00
Average:       2    4,00    0,00    1,00    0,00    0,00    0,00    0,00    0,00    0,00   95,00
Average:       3    0,00    0,00    0,00    0,00    0,00    0,00    0,00    0,00    0,00  100,00
Average:       4    4,00    0,00    1,00    0,00    0,00    0,00    0,00    0,00    0,00   95,00
Average:       5    0,00    0,00    0,00    0,00    0,00    0,00    0,00    0,00    0,00  100,00
Average:       6    2,04    0,00    1,02    1,02    0,00    0,00    0,00    0,00    0,00   95,92
Average:       7    0,00    0,00    0,00    0,00    0,00    0,00    0,00    0,00    0,00  100,00
Average:       8    4,08    0,00    5,10    0,00    0,00    0,00    0,00    0,00    0,00   90,82
Average:       9    2,02    0,00    1,01    0,00    0,00    0,00    0,00    0,00    0,00   96,97
Average:      10    2,02    0,00    0,00    0,00    0,00    0,00    0,00    0,00    0,00   97,98
Average:      11    2,00    0,00    0,00    0,00    0,00    0,00    0,00    0,00    0,00   98,00
Average:      12    0,99    0,00    0,00    0,00    0,00    0,00    0,00    0,00    0,00   99,01
Average:      13    0,00    0,00    0,00    0,00    0,00    0,00    0,00    0,00    0,00  100,00
Average:      14    0,00    0,00    0,00    0,00    0,00    0,00    0,00    0,00    0,00  100,00
Average:      15    0,00    0,00    0,00    0,00    0,00    0,00    0,00    0,00    0,00  100,00
Linux 6.8.0-45-lowlatency (ntb-hp) 	25/09/2024 	_x86_64_	(16 CPU)

11:20:12     CPU    %usr   %nice    %sys %iowait    %irq   %soft  %steal  %guest  %gnice   %idle
11:20:13     all   12,11    0,00    2,40    0,32    0,00    0,13    0,00    0,00    0,00   85,06
11:20:13       0    9,09    0,00    2,02    0,00    0,00    1,01    0,00    0,00    0,00   87,88
11:20:13       1    8,08    0,00    0,00    0,00    0,00    0,00    0,00    0,00    0,00   91,92
11:20:13       2   17,00    0,00    2,00    0,00    0,00    0,00    0,00    0,00    0,00   81,00
11:20:13       3    5,05    0,00    1,01    0,00    0,00    0,00    0,00    0,00    0,00   93,94
11:20:13       4   21,43    0,00    1,02    0,00    0,00    0,00    0,00    0,00    0,00   77,55
11:20:13       5   30,00    0,00    1,00    0,00    0,00    0,00    0,00    0,00    0,00   69,00
11:20:13       6   12,37    0,00    2,06    0,00    0,00    0,00    0,00    0,00    0,00   85,57
11:20:13       7   18,81    0,00    0,99    0,00    0,00    0,99    0,00    0,00    0,00   79,21
11:20:13       8   13,00    0,00    7,00    0,00    0,00    0,00    0,00    0,00    0,00   80,00
11:20:13       9   11,11    0,00    4,04    0,00    0,00    0,00    0,00    0,00    0,00   84,85
11:20:13      10    9,28    0,00    2,06    0,00    0,00    0,00    0,00    0,00    0,00   88,66
11:20:13      11   10,10    0,00    4,04    0,00    0,00    0,00    0,00    0,00    0,00   85,86
11:20:13      12    8,00    0,00    3,00    1,00    0,00    0,00    0,00    0,00    0,00   88,00
11:20:13      13    6,00    0,00    3,00    0,00    0,00    0,00    0,00    0,00    0,00   91,00
11:20:13      14    7,00    0,00    3,00    4,00    0,00    0,00    0,00    0,00    0,00   86,00
11:20:13      15    7,14    0,00    2,04    0,00    0,00    0,00    0,00    0,00    0,00   90,82

Average:     CPU    %usr   %nice    %sys %iowait    %irq   %soft  %steal  %guest  %gnice   %idle
Average:     all   12,11    0,00    2,40    0,32    0,00    0,13    0,00    0,00    0,00   85,06
Average:       0    9,09    0,00    2,02    0,00    0,00    1,01    0,00    0,00    0,00   87,88
Average:       1    8,08    0,00    0,00    0,00    0,00    0,00    0,00    0,00    0,00   91,92
Average:       2   17,00    0,00    2,00    0,00    0,00    0,00    0,00    0,00    0,00   81,00
Average:       3    5,05    0,00    1,01    0,00    0,00    0,00    0,00    0,00    0,00   93,94
Average:       4   21,43    0,00    1,02    0,00    0,00    0,00    0,00    0,00    0,00   77,55
Average:       5   30,00    0,00    1,00    0,00    0,00    0,00    0,00    0,00    0,00   69,00
Average:       6   12,37    0,00    2,06    0,00    0,00    0,00    0,00    0,00    0,00   85,57
Average:       7   18,81    0,00    0,99    0,00    0,00    0,99    0,00    0,00    0,00   79,21
Average:       8   13,00    0,00    7,00    0,00    0,00    0,00    0,00    0,00    0,00   80,00
Average:       9   11,11    0,00    4,04    0,00    0,00    0,00    0,00    0,00    0,00   84,85
Average:      10    9,28    0,00    2,06    0,00    0,00    0,00    0,00    0,00    0,00   88,66
Average:      11   10,10    0,00    4,04    0,00    0,00    0,00    0,00    0,00    0,00   85,86
Average:      12    8,00    0,00    3,00    1,00    0,00    0,00    0,00    0,00    0,00   88,00
Average:      13    6,00    0,00    3,00    0,00    0,00    0,00    0,00    0,00    0,00   91,00
Average:      14    7,00    0,00    3,00    4,00    0,00    0,00    0,00    0,00    0,00   86,00
Average:      15    7,14    0,00    2,04    0,00    0,00    0,00    0,00    0,00    0,00   90,82
